<?xml version="1.0" encoding="UTF-8"?>
<testng-results skipped="0" failed="0" total="1" passed="1">
  <reporter-output>
  </reporter-output>
  <suite name="Default suite" duration-ms="60" started-at="2019-06-30T01:58:43Z" finished-at="2019-06-30T01:58:43Z">
    <groups>
    </groups>
    <test name="Default test" duration-ms="60" started-at="2019-06-30T01:58:43Z" finished-at="2019-06-30T01:58:43Z">
      <class name="com.krishna.start">
        <test-method status="PASS" signature="starr(java.lang.String, java.lang.String)[pri:0, instance:com.krishna.start@7f9a81e8]" name="starr" duration-ms="21" started-at="2019-06-30T07:28:43Z" finished-at="2019-06-30T07:28:43Z">
          <params>
            <param index="0">
              <value>
                <![CDATA[This is url]]>
              </value>
            </param>
            <param index="1">
              <value>
                <![CDATA[This is email]]>
              </value>
            </param>
          </params>
          <reporter-output>
          </reporter-output>
        </test-method> <!-- starr -->
      </class> <!-- com.krishna.start -->
    </test> <!-- Default test -->
  </suite> <!-- Default suite -->
</testng-results>
